<?xml version="1.0" encoding="UTF-8"?>
<!-- Generated by org.testng.reporters.JUnitReportReporter -->
<testsuite hostname="Kalaiselvans-MacBook-Air.local" failures="0" tests="2" name="SeleniumTests.SuiteExample" time="1.836" errors="0" timestamp="2024-10-15T21:13:36 IST" skipped="0">
  <testcase classname="SeleniumTests.SuiteExample" name="openYahoo" time="1.092"/>
  <system-out/>
  <testcase classname="SeleniumTests.SuiteExample" name="openGoogle" time="0.744"/>
  <system-out/>
</testsuite> <!-- SeleniumTests.SuiteExample -->
