<?xml version="1.0" encoding="UTF-8"?>
<!-- Generated by org.testng.reporters.JUnitReportReporter -->
<testsuite hostname="Kalaiselvans-MacBook-Air.local" failures="0" tests="4" name="SeleniumTests.GroupingExample" time="0.001" errors="0" timestamp="2024-10-15T21:24:08 IST" skipped="0">
  <testcase classname="SeleniumTests.GroupingExample" name="Apple1" time="0.001"/>
  <system-out/>
  <testcase classname="SeleniumTests.GroupingExample" name="Apple2" time="0.000"/>
  <system-out/>
  <testcase classname="SeleniumTests.GroupingExample" name="OnePlus1" time="0.000"/>
  <system-out/>
  <testcase classname="SeleniumTests.GroupingExample" name="OnePlus2" time="0.000"/>
  <system-out/>
</testsuite> <!-- SeleniumTests.GroupingExample -->
