<?xml version="1.0" encoding="UTF-8"?>
<!-- Generated by org.testng.reporters.JUnitReportReporter -->
<testsuite hostname="Kalaiselvans-MacBook-Air.local" failures="0" tests="1" name="RestAssuredLearning.getAllEmployees" time="0.482" errors="0" timestamp="2024-10-19T17:08:43 IST" skipped="0">
  <testcase classname="RestAssuredLearning.getAllEmployees" name="createFromFile" time="0.482"/>
  <system-out/>
</testsuite> <!-- RestAssuredLearning.getAllEmployees -->
