<?xml version="1.0" encoding="UTF-8"?>
<!-- Generated by org.testng.reporters.JUnitReportReporter -->
<testsuite hostname="Kalaiselvans-MacBook-Air.local" failures="0" tests="2" name="SeleniumTests.ParallelTesting" time="8.067" errors="0" timestamp="2024-10-16T12:15:56 IST" skipped="0">
  <testcase classname="SeleniumTests.ParallelTesting" name="openGoogle" time="3.692"/>
  <system-out/>
  <testcase classname="SeleniumTests.ParallelTesting" name="openYahoo" time="4.375"/>
  <system-out/>
</testsuite> <!-- SeleniumTests.ParallelTesting -->
