<?xml version="1.0" encoding="UTF-8"?>
<!-- Generated by org.testng.reporters.JUnitReportReporter -->
<testsuite hostname="Kalaiselvans-MacBook-Air.local" failures="0" tests="2" name="SeleniumTests.AnnotationsHierarchy" time="0.001" errors="0" timestamp="2024-11-04T17:44:16 IST" skipped="0">
  <testcase classname="SeleniumTests.AnnotationsHierarchy" name="test" time="0.001"/>
  <system-out/>
  <testcase classname="SeleniumTests.AnnotationsHierarchy" name="test2" time="0.000"/>
  <system-out/>
</testsuite> <!-- SeleniumTests.AnnotationsHierarchy -->
