<?xml version="1.0" encoding="UTF-8"?>
<!-- Generated by org.testng.reporters.JUnitReportReporter -->
<testsuite hostname="Kalaiselvans-MacBook-Air.local" failures="0" tests="1" name="LoginDemoFramework.CorrectUserNameCorrectPassword" time="7.128" errors="0" timestamp="2024-11-15T15:41:21 IST" skipped="0">
  <testcase classname="LoginDemoFramework.CorrectUserNameCorrectPassword" name="CorrectUserName" time="7.128"/>
  <system-out/>
</testsuite> <!-- LoginDemoFramework.CorrectUserNameCorrectPassword -->
