<?xml version="1.0" encoding="UTF-8"?>
<!-- Generated by org.testng.reporters.JUnitReportReporter -->
<testsuite hostname="Kalaiselvans-MacBook-Air.local" failures="0" tests="2" name="SeleniumTests.ParallelTesting" time="10.176" errors="0" timestamp="2024-11-04T17:44:16 IST" skipped="0">
  <testcase classname="SeleniumTests.ParallelTesting" name="openYahoo" time="5.607"/>
  <system-out/>
  <testcase classname="SeleniumTests.ParallelTesting" name="openGoogle" time="4.569"/>
  <system-out/>
</testsuite> <!-- SeleniumTests.ParallelTesting -->
