<?xml version="1.0" encoding="UTF-8"?>
<!-- Generated by org.testng.reporters.JUnitReportReporter -->
<testsuite hostname="Kalaiselvans-MacBook-Air.local" failures="0" tests="2" name="SeleniumTests.ParallelTesting" time="8.659" errors="0" timestamp="2024-11-03T12:17:30 IST" skipped="0">
  <testcase classname="SeleniumTests.ParallelTesting" name="openGoogle" time="3.628"/>
  <system-out/>
  <testcase classname="SeleniumTests.ParallelTesting" name="openYahoo" time="5.031"/>
  <system-out/>
</testsuite> <!-- SeleniumTests.ParallelTesting -->
