<?xml version="1.0" encoding="UTF-8"?>
<!-- Generated by org.testng.reporters.JUnitReportReporter -->
<testsuite hostname="Kalaiselvans-MacBook-Air.local" failures="0" tests="6" name="SeleniumTests.GroupingExample" time="0.009" errors="0" timestamp="2024-11-03T12:17:30 IST" skipped="0">
  <testcase classname="SeleniumTests.GroupingExample" name="OnePlus1" time="0.000"/>
  <system-out/>
  <testcase classname="SeleniumTests.GroupingExample" name="Apple2" time="0.003"/>
  <system-out/>
  <testcase classname="SeleniumTests.GroupingExample" name="Samsung2" time="0.001"/>
  <system-out/>
  <testcase classname="SeleniumTests.GroupingExample" name="Samsung1" time="0.001"/>
  <system-out/>
  <testcase classname="SeleniumTests.GroupingExample" name="OnePlus2" time="0.001"/>
  <system-out/>
  <testcase classname="SeleniumTests.GroupingExample" name="Apple1" time="0.003"/>
  <system-out/>
</testsuite> <!-- SeleniumTests.GroupingExample -->
