<?xml version="1.0" encoding="UTF-8"?>
<!-- Generated by org.testng.reporters.JUnitReportReporter -->
<testsuite hostname="Kalaiselvans-MacBook-Air.local" failures="0" tests="6" name="DataProviderandParameters.Parameters" time="1.381" errors="0" timestamp="2024-11-15T17:08:43 IST" skipped="0">
  <testcase classname="DataProviderandParameters.Parameters" name="testUrl" time="0.003"/>
  <system-out/>
  <testcase classname="DataProviderandParameters.Parameters" name="testTitle" time="0.009"/>
  <system-out/>
  <testcase classname="DataProviderandParameters.Parameters" name="testUrl" time="0.005"/>
  <system-out/>
  <testcase classname="DataProviderandParameters.Parameters" name="testTitle" time="0.016"/>
  <system-out/>
  <testcase classname="DataProviderandParameters.Parameters" name="testLogo" time="0.372"/>
  <system-out/>
  <testcase classname="DataProviderandParameters.Parameters" name="testLogo" time="0.976"/>
  <system-out/>
</testsuite> <!-- DataProviderandParameters.Parameters -->
