<?xml version="1.0" encoding="UTF-8"?>
<!-- Generated by org.testng.reporters.JUnitReportReporter -->
<testsuite hostname="Kalaiselvans-MacBook-Air.local" failures="0" tests="1" name="SeleniumTests.ParameterizationExample" time="0.002" errors="0" timestamp="2024-10-16T11:31:10 IST" skipped="0">
  <testcase classname="SeleniumTests.ParameterizationExample" name="printName" time="0.002"/>
  <system-out/>
</testsuite> <!-- SeleniumTests.ParameterizationExample -->
