<?xml version="1.0" encoding="UTF-8"?>
<!-- Generated by org.testng.reporters.JUnitReportReporter -->
<testsuite hostname="Kalaiselvans-MacBook-Air.local" failures="0" tests="1" name="LoginDemoFramework.WrongUserNameWrongPassword" time="6.591" errors="0" timestamp="2024-11-04T17:44:16 IST" skipped="0">
  <testcase classname="LoginDemoFramework.WrongUserNameWrongPassword" name="WrongusernameWrongpassword" time="6.591"/>
  <system-out/>
</testsuite> <!-- LoginDemoFramework.WrongUserNameWrongPassword -->
