<?xml version="1.0" encoding="UTF-8"?>
<!-- Generated by org.testng.reporters.JUnitReportReporter -->
<testsuite hostname="Kalaiselvans-MacBook-Air.local" failures="0" tests="1" name="SeleniumTests.SampleTestCase" time="0.001" errors="0" timestamp="2024-10-16T13:07:07 IST" skipped="0">
  <testcase classname="SeleniumTests.SampleTestCase" name="sampletestcase" time="0.001"/>
  <system-out/>
</testsuite> <!-- SeleniumTests.SampleTestCase -->
