<?xml version="1.0" encoding="UTF-8"?>
<!-- Generated by org.testng.reporters.JUnitReportReporter -->
<testsuite hostname="Kalaiselvans-MacBook-Air.local" failures="0" tests="1" name="SeleniumTests.SeleniumTest" time="2.424" errors="0" timestamp="2024-10-15T21:13:36 IST" skipped="0">
  <testcase classname="SeleniumTests.SeleniumTest" name="sampleTest" time="2.424"/>
  <system-out/>
</testsuite> <!-- SeleniumTests.SeleniumTest -->
