<?xml version="1.0" encoding="UTF-8"?>
<!-- Generated by org.testng.reporters.JUnitReportReporter -->
<testsuite hostname="Kalaiselvans-MacBook-Air.local" failures="0" tests="1" name="RestAssuredLearning.SerializationExample" time="0.562" errors="0" timestamp="2024-10-21T19:21:29 IST" skipped="0">
  <testcase classname="RestAssuredLearning.SerializationExample" name="serialization" time="0.562"/>
  <system-out/>
</testsuite> <!-- RestAssuredLearning.SerializationExample -->
