<?xml version="1.0" encoding="UTF-8"?>
<!-- Generated by org.testng.reporters.JUnitReportReporter -->
<testsuite hostname="Kalaiselvans-MacBook-Air.local" failures="0" tests="4" name="DataProviderandParameters.DataDrivenTest" time="28.216" errors="0" timestamp="2024-11-18T17:11:45 IST" skipped="0">
  <testcase classname="DataProviderandParameters.DataDrivenTest" name="LoginTest" time="6.300"/>
  <system-out/>
  <testcase classname="DataProviderandParameters.DataDrivenTest" name="LoginTest" time="6.354"/>
  <system-out/>
  <testcase classname="DataProviderandParameters.DataDrivenTest" name="LoginTest" time="8.730"/>
  <system-out/>
  <testcase classname="DataProviderandParameters.DataDrivenTest" name="LoginTest" time="6.832"/>
  <system-out/>
</testsuite> <!-- DataProviderandParameters.DataDrivenTest -->
