<?xml version="1.0" encoding="UTF-8"?>
<!-- Generated by org.testng.reporters.JUnitReportReporter -->
<testsuite hostname="Kalaiselvans-MacBook-Air.local" failures="0" tests="1" name="LoginDemoFramework.CorrectUserNameWrongPassword" time="6.340" errors="0" timestamp="2024-11-04T17:44:16 IST" skipped="0">
  <testcase classname="LoginDemoFramework.CorrectUserNameWrongPassword" name="WrongPassword" time="6.340"/>
  <system-out/>
</testsuite> <!-- LoginDemoFramework.CorrectUserNameWrongPassword -->
